Arguments: 
  C:\Program Files\nodejs\node.exe C:\Program Files\nodejs\node_modules\yarn\bin\yarn.js add jest @type/jest --dev

PATH: 
  C:\Program Files\MongoDB\Server\5.0\bin;C:\Users\lenovo\AppData\Local\Programs\Python\Python38\Scripts\;C:\Users\lenovo\AppData\Local\Programs\Python\Python38\;C:\Users\lenovo\AppData\Local\Microsoft\WindowsApps;D:\前端\Microsoft VS Code\bin;D:\nvm;C:\Program Files\nodejs;C:\Users\lenovo\AppData\Roaming\npm

Yarn version: 
  1.22.18

Node version: 
  14.17.0

Platform: 
  win32 x64

Trace: 
  Error: https://registry.npmjs.org/@type%2fjest: Not found
      at Request.params.callback [as _callback] (D:\nvm\v14.17.0\node_modules\yarn\lib\cli.js:66138:18)
      at Request.self.callback (D:\nvm\v14.17.0\node_modules\yarn\lib\cli.js:140883:22)
      at Request.emit (events.js:376:20)
      at Request.<anonymous> (D:\nvm\v14.17.0\node_modules\yarn\lib\cli.js:141855:10)
      at Request.emit (events.js:376:20)
      at IncomingMessage.<anonymous> (D:\nvm\v14.17.0\node_modules\yarn\lib\cli.js:141777:12)
      at Object.onceWrapper (events.js:482:28)
      at IncomingMessage.emit (events.js:388:22)
      at endReadableNT (internal/streams/readable.js:1336:12)
      at processTicksAndRejections (internal/process/task_queues.js:82:21)

npm manifest: 
  {
    "name": "hong-mini-vue",
    "version": "1.0.0",
    "main": "index.js",
    "license": "MIT",
    "devDependencies": {
      "typescript": "^4.6.3"
    }
  }

yarn manifest: 
  No manifest

Lockfile: 
  # THIS IS AN AUTOGENERATED FILE. DO NOT EDIT THIS FILE DIRECTLY.
  # yarn lockfile v1
  
  
  typescript@^4.6.3:
    version "4.6.3"
    resolved "https://registry.yarnpkg.com/typescript/-/typescript-4.6.3.tgz#eefeafa6afdd31d725584c67a0eaba80f6fc6c6c"
    integrity sha512-yNIatDa5iaofVozS/uQJEl3JRWLKKGJKh6Yaiv0GLGSuhpFJe7P3SbHZ8/yjAHRQwKRoA6YZqlfjXWmVzoVSMw==
